/home/runner/work/pgi-2025-the_lavish_owls/pgi-2025-the_lavish_owls/src/main.c: In function ‘main’:
/home/runner/work/pgi-2025-the_lavish_owls/pgi-2025-the_lavish_owls/src/main.c:118:12: warning: argument 1 null where non-null expected [-Wnonnull]
  118 |   else if (strcmp(command, "rotate_cw") == 0) {
      |            ^~~~~~~~~~~~~~~~~~~~~~~~~~~~
In file included from /home/runner/work/pgi-2025-the_lavish_owls/pgi-2025-the_lavish_owls/src/main.c:3:
/usr/include/string.h:156:12: note: in a call to function ‘strcmp’ declared ‘nonnull’
  156 | extern int strcmp (const char *__s1, const char *__s2)
      |            ^~~~~~
/home/runner/work/pgi-2025-the_lavish_owls/pgi-2025-the_lavish_owls/src/main.c:126:12: warning: argument 1 null where non-null expected [-Wnonnull]
  126 |   else if (strcmp(command, "mirror_horizontal") == 0) {
      |            ^~~~~~~~~~~~~~~~~~~~~~~~~~~~~~~~~~~~
/usr/include/string.h:156:12: note: in a call to function ‘strcmp’ declared ‘nonnull’
  156 | extern int strcmp (const char *__s1, const char *__s2)
      |            ^~~~~~
/home/runner/work/pgi-2025-the_lavish_owls/pgi-2025-the_lavish_owls/src/main.c:130:12: warning: argument 1 null where non-null expected [-Wnonnull]
  130 |   else if (strcmp(command, "mirror_total") == 0) {
      |            ^~~~~~~~~~~~~~~~~~~~~~~~~~~~~~~
/usr/include/string.h:156:12: note: in a call to function ‘strcmp’ declared ‘nonnull’
  156 | extern int strcmp (const char *__s1, const char *__s2)
      |            ^~~~~~
